------------------------------------------------------------
/usr/bin/pip run on Sun Apr 12 16:51:49 2015
Requirement already satisfied (use --upgrade to upgrade): Django==1.8 in /usr/local/lib/python2.7/dist-packages (from -r requirements.txt (line 1))
Requirement already satisfied (use --upgrade to upgrade): django-localflavor in /usr/local/lib/python2.7/dist-packages (from -r requirements.txt (line 2))
Requirement already satisfied (use --upgrade to upgrade): django-twilio in /usr/local/lib/python2.7/dist-packages (from -r requirements.txt (line 3))
Requirement already satisfied (use --upgrade to upgrade): django-dynamic-fixture in /usr/local/lib/python2.7/dist-packages (from -r requirements.txt (line 4))
  skipping extra test
  skipping extra test
  skipping extra test
  skipping extra test
  skipping extra test
  skipping extra test
  skipping extra test
  skipping extra test
  skipping extra test
Downloading/unpacking ipdb (from -r requirements.txt (line 5))
  Getting page https://pypi.python.org/simple/ipdb/
  URLs to search for versions for ipdb (from -r requirements.txt (line 5)):
  * https://pypi.python.org/simple/ipdb/
  Analyzing links from page https://pypi.python.org/simple/ipdb/
    Skipping link https://pypi.python.org/packages/2.4/i/ipdb/ipdb-0.1dev_r1556-py2.4.egg#md5=fef5a0554e80da3cf04601abffbb06d0 (from https://pypi.python.org/simple/ipdb/); unknown archive format: .egg
    Skipping link https://pypi.python.org/packages/2.4/i/ipdb/ipdb-0.1dev_r1713-py2.4.egg#md5=bf68c7b3ee9e5b723d59fabd2dcf6309 (from https://pypi.python.org/simple/ipdb/); unknown archive format: .egg
    Skipping link https://pypi.python.org/packages/2.4/i/ipdb/ipdb-0.1dev_r1714-py2.4.egg#md5=1601402563a9b59a4369297c1f2f16f3 (from https://pypi.python.org/simple/ipdb/); unknown archive format: .egg
    Skipping link https://pypi.python.org/packages/2.4/i/ipdb/ipdb-0.1dev_r1716-py2.4.egg#md5=dc241bf1a82a6e4296652d54ae4834e0 (from https://pypi.python.org/simple/ipdb/); unknown archive format: .egg
    Found link https://pypi.python.org/packages/source/i/ipdb/ipdb-0.1.tar.gz#md5=694a74ed29ff8aafc86f6d82669763b1 (from https://pypi.python.org/simple/ipdb/), version: 0.1
    Found link https://pypi.python.org/packages/source/i/ipdb/ipdb-0.1dev-r1556.tar.gz#md5=d834e2659231f276049a965fbcd41d44 (from https://pypi.python.org/simple/ipdb/), version: 0.1dev-r1556
    Found link https://pypi.python.org/packages/source/i/ipdb/ipdb-0.1dev-r1713.tar.gz#md5=5301c69ed63f913ba3f760b2842410a4 (from https://pypi.python.org/simple/ipdb/), version: 0.1dev-r1713
    Found link https://pypi.python.org/packages/source/i/ipdb/ipdb-0.1dev-r1714.tar.gz#md5=6821c4566330811dfe4493138aaacdcf (from https://pypi.python.org/simple/ipdb/), version: 0.1dev-r1714
    Found link https://pypi.python.org/packages/source/i/ipdb/ipdb-0.1dev-r1716.tar.gz#md5=21354e9d4c7fd87908d543418de0d131 (from https://pypi.python.org/simple/ipdb/), version: 0.1dev-r1716
    Found link https://pypi.python.org/packages/source/i/ipdb/ipdb-0.2.tar.gz#md5=76a4b58633232cf6654d5a278230af54 (from https://pypi.python.org/simple/ipdb/), version: 0.2
    Found link https://pypi.python.org/packages/source/i/ipdb/ipdb-0.3.tar.gz#md5=2ccf2eca7b8c1cd4b47b231d318bbdc9 (from https://pypi.python.org/simple/ipdb/), version: 0.3
    Found link https://pypi.python.org/packages/source/i/ipdb/ipdb-0.4.tar.gz#md5=305e210a70cb603d3c2cf8e7492c5719 (from https://pypi.python.org/simple/ipdb/), version: 0.4
    Found link https://pypi.python.org/packages/source/i/ipdb/ipdb-0.5.tar.gz#md5=5d9da7bac4f139b9bb8ec8cc19a44e2e (from https://pypi.python.org/simple/ipdb/), version: 0.5
    Found link https://pypi.python.org/packages/source/i/ipdb/ipdb-0.6.1.tar.gz#md5=6aeacd76e9d0da20c86d459531e9537b (from https://pypi.python.org/simple/ipdb/), version: 0.6.1
    Found link https://pypi.python.org/packages/source/i/ipdb/ipdb-0.6.tar.gz#md5=4a4b32e64c043522368c7871d8f50b6d (from https://pypi.python.org/simple/ipdb/), version: 0.6
    Found link https://pypi.python.org/packages/source/i/ipdb/ipdb-0.7.1.zip#md5=edf9304381763ab626eeb8f2d6ccc4c7 (from https://pypi.python.org/simple/ipdb/), version: 0.7.1
    Found link https://pypi.python.org/packages/source/i/ipdb/ipdb-0.7.tar.gz#md5=d879f9b2b0f26e0e999809585dcaec61 (from https://pypi.python.org/simple/ipdb/), version: 0.7
    Found link https://pypi.python.org/packages/source/i/ipdb/ipdb-0.8.zip#md5=96dca0712efa01aa5eaf6b22071dd3ed (from https://pypi.python.org/simple/ipdb/), version: 0.8
  Ignoring link https://pypi.python.org/packages/source/i/ipdb/ipdb-0.1dev-r1556.tar.gz#md5=d834e2659231f276049a965fbcd41d44 (from https://pypi.python.org/simple/ipdb/), version 0.1dev-r1556 is a pre-release (use --pre to allow).
  Ignoring link https://pypi.python.org/packages/source/i/ipdb/ipdb-0.1dev-r1713.tar.gz#md5=5301c69ed63f913ba3f760b2842410a4 (from https://pypi.python.org/simple/ipdb/), version 0.1dev-r1713 is a pre-release (use --pre to allow).
  Ignoring link https://pypi.python.org/packages/source/i/ipdb/ipdb-0.1dev-r1714.tar.gz#md5=6821c4566330811dfe4493138aaacdcf (from https://pypi.python.org/simple/ipdb/), version 0.1dev-r1714 is a pre-release (use --pre to allow).
  Ignoring link https://pypi.python.org/packages/source/i/ipdb/ipdb-0.1dev-r1716.tar.gz#md5=21354e9d4c7fd87908d543418de0d131 (from https://pypi.python.org/simple/ipdb/), version 0.1dev-r1716 is a pre-release (use --pre to allow).
  Using version 0.8 (newest of versions: 0.8, 0.7.1, 0.7, 0.6.1, 0.6, 0.5, 0.4, 0.3, 0.2, 0.1)
  Downloading ipdb-0.8.zip
  Downloading from URL https://pypi.python.org/packages/source/i/ipdb/ipdb-0.8.zip#md5=96dca0712efa01aa5eaf6b22071dd3ed (from https://pypi.python.org/simple/ipdb/)
  Running setup.py (path:/tmp/pip_build_vagrant/ipdb/setup.py) egg_info for package ipdb
    running egg_info
    creating pip-egg-info/ipdb.egg-info
    writing requirements to pip-egg-info/ipdb.egg-info/requires.txt
    writing pip-egg-info/ipdb.egg-info/PKG-INFO
    writing top-level names to pip-egg-info/ipdb.egg-info/top_level.txt
    writing dependency_links to pip-egg-info/ipdb.egg-info/dependency_links.txt
    writing entry points to pip-egg-info/ipdb.egg-info/entry_points.txt
    writing manifest file 'pip-egg-info/ipdb.egg-info/SOURCES.txt'
    warning: manifest_maker: standard file '-c' not found
    
    reading manifest file 'pip-egg-info/ipdb.egg-info/SOURCES.txt'
    reading manifest template 'MANIFEST.in'
    writing manifest file 'pip-egg-info/ipdb.egg-info/SOURCES.txt'
  Source in /tmp/pip_build_vagrant/ipdb has version 0.8, which satisfies requirement ipdb (from -r requirements.txt (line 5))
Requirement already satisfied (use --upgrade to upgrade): six in /usr/lib/python2.7/dist-packages (from django-dynamic-fixture->-r requirements.txt (line 4))
Downloading/unpacking ipython>=0.10 (from ipdb->-r requirements.txt (line 5))
  Getting page https://pypi.python.org/simple/ipython/
  URLs to search for versions for ipython>=0.10 (from ipdb->-r requirements.txt (line 5)):
  * https://pypi.python.org/simple/ipython/
  Analyzing links from page https://pypi.python.org/simple/ipython/
    Skipping link https://pypi.python.org/packages/2.5/i/ipython/ipython-0.10-py2.5.egg#md5=2ba94f7095f19af07ce2b4de8a7560d8 (from https://pypi.python.org/simple/ipython/); unknown archive format: .egg
    Skipping link https://pypi.python.org/packages/2.5/i/ipython/ipython-0.10-py25.noarch.rpm#md5=2d7dc5f7c03b795d4469d6683c5746f6 (from https://pypi.python.org/simple/ipython/); unknown archive format: .rpm
    Skipping link https://pypi.python.org/packages/2.5/i/ipython/ipython-0.7.3-py2.5.egg#md5=76df2f3f9dcd0a4f087c558c9a6f94a4 (from https://pypi.python.org/simple/ipython/); unknown archive format: .egg
    Skipping link https://pypi.python.org/packages/2.6/i/ipython/ipython-0.10-py2.6.egg#md5=106db488676e0a5f213e228ce97371ff (from https://pypi.python.org/simple/ipython/); unknown archive format: .egg
    Skipping link https://pypi.python.org/packages/2.6/i/ipython/ipython-0.10-py26.noarch.rpm#md5=dc900a183e7034b720b62045202f4e9e (from https://pypi.python.org/simple/ipython/); unknown archive format: .rpm
    Skipping link https://pypi.python.org/packages/2.6/i/ipython/ipython-0.10.win32-setup.exe#md5=b45f7a84851f17ce97a8dcc366250afe (from https://pypi.python.org/simple/ipython/); unknown archive format: .exe
    Skipping link https://pypi.python.org/packages/2.6/i/ipython/ipython-0.12.1-py2.6.egg#md5=81704b5d76a095575cae2c66fda3daaa (from https://pypi.python.org/simple/ipython/); unknown archive format: .egg
    Skipping link https://pypi.python.org/packages/2.7/i/ipython/ipython-0.12.1-py2.7.egg#md5=cf9645e30bed6ba0629fa3c610af7a5b (from https://pypi.python.org/simple/ipython/); unknown archive format: .egg
    Skipping link https://pypi.python.org/packages/2.7/i/ipython/ipython-0.13-py2.7.egg#md5=694ce5981bf163922bd09617a4742a61 (from https://pypi.python.org/simple/ipython/); unknown archive format: .egg
    Skipping link https://pypi.python.org/packages/2.7/i/ipython/ipython-0.13.1-py2.7.egg#md5=d4bbe64ccefaf9c46536ab94b846db6f (from https://pypi.python.org/simple/ipython/); unknown archive format: .egg
    Found link https://pypi.python.org/packages/2.7/i/ipython/ipython-2.0.0-py27-none-any.whl#md5=6122692edc6fb0150e0369fa38b25e7a (from https://pypi.python.org/simple/ipython/), version: 2.0.0
    Found link https://pypi.python.org/packages/2.7/i/ipython/ipython-2.1.0-py2-none-any.whl#md5=377fa807db47b7d273e4acacf8091688 (from https://pypi.python.org/simple/ipython/), version: 2.1.0
    Found link https://pypi.python.org/packages/2.7/i/ipython/ipython-2.2.0-py27-none-any.whl#md5=1503523a69baec078487d862c3d9415b (from https://pypi.python.org/simple/ipython/), version: 2.2.0
    Found link https://pypi.python.org/packages/2.7/i/ipython/ipython-2.3.0-py27-none-any.whl#md5=35650a773252913e9fe184d208e6b9fb (from https://pypi.python.org/simple/ipython/), version: 2.3.0
    Found link https://pypi.python.org/packages/2.7/i/ipython/ipython-2.3.1-py27-none-any.whl#md5=14b9c7c5280ded28777559c434947573 (from https://pypi.python.org/simple/ipython/), version: 2.3.1
    Found link https://pypi.python.org/packages/2.7/i/ipython/ipython-2.4.0-py2-none-any.whl#md5=afb24ced30860ba8fe8d332255578de1 (from https://pypi.python.org/simple/ipython/), version: 2.4.0
    Found link https://pypi.python.org/packages/2.7/i/ipython/ipython-2.4.1-py27-none-any.whl#md5=622b830b2e9f94144daf6cec8f255a70 (from https://pypi.python.org/simple/ipython/), version: 2.4.1
    Found link https://pypi.python.org/packages/2.7/i/ipython/ipython-3.0.0-py2-none-any.whl#md5=e241d0c4faf07ba4161f41a1e656a1b6 (from https://pypi.python.org/simple/ipython/), version: 3.0.0
    Found link https://pypi.python.org/packages/2.7/i/ipython/ipython-3.1.0-py2-none-any.whl#md5=c9fb71b20ca7223649a57a4b965588a5 (from https://pypi.python.org/simple/ipython/), version: 3.1.0
    Skipping https://pypi.python.org/packages/3.3/i/ipython/ipython-2.0.0-py33-none-any.whl#md5=2c037036abd0f70b6848cd4e019059f9 (from https://pypi.python.org/simple/ipython/) because it is not compatible with this Python
    Skipping https://pypi.python.org/packages/3.3/i/ipython/ipython-2.1.0-py3-none-any.whl#md5=732009ff05c5617ee6f31b19740445fb (from https://pypi.python.org/simple/ipython/) because it is not compatible with this Python
    Skipping https://pypi.python.org/packages/3.4/i/ipython/ipython-2.2.0-py3-none-any.whl#md5=c8edd4c4a881b04a155675d18645be8b (from https://pypi.python.org/simple/ipython/) because it is not compatible with this Python
    Skipping https://pypi.python.org/packages/3.4/i/ipython/ipython-2.3.0-py3-none-any.whl#md5=48ece5075f72215f11986bb1f08f3a7e (from https://pypi.python.org/simple/ipython/) because it is not compatible with this Python
    Skipping https://pypi.python.org/packages/3.4/i/ipython/ipython-2.3.1-py3-none-any.whl#md5=68dc5a6ff17731400a32a702d89b2d4e (from https://pypi.python.org/simple/ipython/) because it is not compatible with this Python
    Skipping https://pypi.python.org/packages/3.4/i/ipython/ipython-2.4.0-py3-none-any.whl#md5=f4b16ec7adf85fd065f444e8e33f9a63 (from https://pypi.python.org/simple/ipython/) because it is not compatible with this Python
    Skipping https://pypi.python.org/packages/3.4/i/ipython/ipython-2.4.1-py3-none-any.whl#md5=7e377fe675a88eb49e720c98de4a7ee4 (from https://pypi.python.org/simple/ipython/) because it is not compatible with this Python
    Skipping https://pypi.python.org/packages/3.4/i/ipython/ipython-3.0.0-py3-none-any.whl#md5=10f7b64e14954d5578eaaa07e0658c2d (from https://pypi.python.org/simple/ipython/) because it is not compatible with this Python
    Skipping https://pypi.python.org/packages/3.4/i/ipython/ipython-3.1.0-py3-none-any.whl#md5=e149386e11472f9cf730773b2d824253 (from https://pypi.python.org/simple/ipython/) because it is not compatible with this Python
    Skipping link https://pypi.python.org/packages/any/i/ipython/ipython-0.12.1.win-amd64.exe#md5=d7c11a21948d75cec7b45f90d557f0d1 (from https://pypi.python.org/simple/ipython/); unknown archive format: .exe
    Skipping link https://pypi.python.org/packages/any/i/ipython/ipython-0.12.1.win32.exe#md5=471dae23ce46eb74027ef08828b91eb9 (from https://pypi.python.org/simple/ipython/); unknown archive format: .exe
    Skipping link https://pypi.python.org/packages/any/i/ipython/ipython-0.13.1.py2-win-amd64.exe#md5=fc0f7aa01342eeeb5c6a2a0950c28562 (from https://pypi.python.org/simple/ipython/); unknown archive format: .exe
    Skipping link https://pypi.python.org/packages/any/i/ipython/ipython-0.13.1.py2-win32-PROPER.exe#md5=2da9b1e60382c97da6f05e8caece3180 (from https://pypi.python.org/simple/ipython/); unknown archive format: .exe
    Skipping link https://pypi.python.org/packages/any/i/ipython/ipython-0.13.1.py3-win-amd64-PROPER.exe#md5=2c4e26db957529cac7e61d0c7e411f92 (from https://pypi.python.org/simple/ipython/); unknown archive format: .exe
    Skipping link https://pypi.python.org/packages/any/i/ipython/ipython-0.13.1.py3-win32.exe#md5=43c1c567b920b718a38fffd1866a4392 (from https://pypi.python.org/simple/ipython/); unknown archive format: .exe
    Skipping link https://pypi.python.org/packages/any/i/ipython/ipython-0.13.2.py2-win-amd64.exe#md5=7dc34c2042ab0efff74ede38c87dbdc5 (from https://pypi.python.org/simple/ipython/); unknown archive format: .exe
    Skipping link https://pypi.python.org/packages/any/i/ipython/ipython-0.13.2.py2-win32.exe#md5=aaff656b351fcb05ca5745ca703b4ade (from https://pypi.python.org/simple/ipython/); unknown archive format: .exe
    Skipping link https://pypi.python.org/packages/any/i/ipython/ipython-0.13.2.py3-win-amd64.exe#md5=91de7d2b9c0397e93b87c8790863d3bf (from https://pypi.python.org/simple/ipython/); unknown archive format: .exe
    Skipping link https://pypi.python.org/packages/any/i/ipython/ipython-0.13.2.py3-win32.exe#md5=094c24c083f243d525bde24195704bb6 (from https://pypi.python.org/simple/ipython/); unknown archive format: .exe
    Skipping link https://pypi.python.org/packages/any/i/ipython/ipython-0.13.py2-win-amd64.exe#md5=945fc78dfd38631c4720c58139a83255 (from https://pypi.python.org/simple/ipython/); unknown archive format: .exe
    Skipping link https://pypi.python.org/packages/any/i/ipython/ipython-0.13.py2-win32.exe#md5=9ef302f4db18944d3523eb2e77bdd5ab (from https://pypi.python.org/simple/ipython/); unknown archive format: .exe
    Skipping link https://pypi.python.org/packages/any/i/ipython/ipython-0.13.py3-win-amd64.exe#md5=d180adb3e48f8e4704bd88c1dc7b2c72 (from https://pypi.python.org/simple/ipython/); unknown archive format: .exe
    Skipping link https://pypi.python.org/packages/any/i/ipython/ipython-0.13.py3-win32.exe#md5=16cfebdb126ca7a07d51b2f6b2302edd (from https://pypi.python.org/simple/ipython/); unknown archive format: .exe
    Found link https://pypi.python.org/packages/source/i/ipython/ipython-0.10.1.tar.gz#md5=54ae47079b0e9a0998593a99ce76ec1f (from https://pypi.python.org/simple/ipython/), version: 0.10.1
    Found link https://pypi.python.org/packages/source/i/ipython/ipython-0.10.1.zip#md5=f636c7ea03ff626a6ef9bd9a901de691 (from https://pypi.python.org/simple/ipython/), version: 0.10.1
    Found link https://pypi.python.org/packages/source/i/ipython/ipython-0.10.2.tar.gz#md5=dda59bfc6e256ce786c4bc4aadb220a4 (from https://pypi.python.org/simple/ipython/), version: 0.10.2
    Found link https://pypi.python.org/packages/source/i/ipython/ipython-0.10.2.zip#md5=228d0bd2fe4f5064082d7952a41bc96d (from https://pypi.python.org/simple/ipython/), version: 0.10.2
    Found link https://pypi.python.org/packages/source/i/ipython/ipython-0.10.tar.gz#md5=dd10cd1b622c16c1afca2239fcc0dfdf (from https://pypi.python.org/simple/ipython/), version: 0.10
    Found link https://pypi.python.org/packages/source/i/ipython/ipython-0.11.tar.gz#md5=efc899e752a4a4a67a99575cea1719ef (from https://pypi.python.org/simple/ipython/), version: 0.11
    Found link https://pypi.python.org/packages/source/i/ipython/ipython-0.11.zip#md5=8e4155313a2e29addcec100835fe39ce (from https://pypi.python.org/simple/ipython/), version: 0.11
    Found link https://pypi.python.org/packages/source/i/ipython/ipython-0.12.1.tar.gz#md5=ae3a9851cd99f40ba5227efec58c7a6c (from https://pypi.python.org/simple/ipython/), version: 0.12.1
    Found link https://pypi.python.org/packages/source/i/ipython/ipython-0.12.1.zip#md5=af3582d09815829d745a7179d6dc2d49 (from https://pypi.python.org/simple/ipython/), version: 0.12.1
    Found link https://pypi.python.org/packages/source/i/ipython/ipython-0.12.tar.gz#md5=0199b62aa65986726b46247db3cb06cf (from https://pypi.python.org/simple/ipython/), version: 0.12
    Found link https://pypi.python.org/packages/source/i/ipython/ipython-0.12.zip#md5=ec135100af088a9607fd3eed91fc476f (from https://pypi.python.org/simple/ipython/), version: 0.12
    Found link https://pypi.python.org/packages/source/i/ipython/ipython-0.13.1.tar.gz#md5=ca7e75f7c802afc6aaa0a1ea59846420 (from https://pypi.python.org/simple/ipython/), version: 0.13.1
    Found link https://pypi.python.org/packages/source/i/ipython/ipython-0.13.1.zip#md5=75ace1afede8fe8cd6143e35ca4418bd (from https://pypi.python.org/simple/ipython/), version: 0.13.1
    Found link https://pypi.python.org/packages/source/i/ipython/ipython-0.13.2.tar.gz#md5=ead3b7eb70c653b537fb9d96d71b8b2a (from https://pypi.python.org/simple/ipython/), version: 0.13.2
    Found link https://pypi.python.org/packages/source/i/ipython/ipython-0.13.2.zip#md5=76195c97e426fbc641f66c55faa0318a (from https://pypi.python.org/simple/ipython/), version: 0.13.2
    Found link https://pypi.python.org/packages/source/i/ipython/ipython-0.13.tar.gz#md5=9f04b590463dfe981e56ff1aebc90e23 (from https://pypi.python.org/simple/ipython/), version: 0.13
    Found link https://pypi.python.org/packages/source/i/ipython/ipython-0.13.zip#md5=a644023f079bdc22797f3b7ca3f076a0 (from https://pypi.python.org/simple/ipython/), version: 0.13
    Found link https://pypi.python.org/packages/source/i/ipython/ipython-1.0.0.tar.gz#md5=2268fa83f257d14943eb04e3333a6fac (from https://pypi.python.org/simple/ipython/), version: 1.0.0
    Found link https://pypi.python.org/packages/source/i/ipython/ipython-1.0.0.zip#md5=931bb0cd54d83316f8e9640292496c22 (from https://pypi.python.org/simple/ipython/), version: 1.0.0
    Found link https://pypi.python.org/packages/source/i/ipython/ipython-1.1.0.tar.gz#md5=70d69c78122923879232567ac3c47cef (from https://pypi.python.org/simple/ipython/), version: 1.1.0
    Found link https://pypi.python.org/packages/source/i/ipython/ipython-1.1.0.zip#md5=3b383afb9f367eb387d36e11f6e7c4cc (from https://pypi.python.org/simple/ipython/), version: 1.1.0
    Found link https://pypi.python.org/packages/source/i/ipython/ipython-1.2.0.tar.gz#md5=6b4cb02d5c48ca1776fb6127d37e9319 (from https://pypi.python.org/simple/ipython/), version: 1.2.0
    Found link https://pypi.python.org/packages/source/i/ipython/ipython-1.2.0.zip#md5=8cf63de32fffd79cb4fb563b22a8ff32 (from https://pypi.python.org/simple/ipython/), version: 1.2.0
    Found link https://pypi.python.org/packages/source/i/ipython/ipython-1.2.1.tar.gz#md5=4ffb36697f7ca8cb4a2de0f5b30bc89c (from https://pypi.python.org/simple/ipython/), version: 1.2.1
    Found link https://pypi.python.org/packages/source/i/ipython/ipython-1.2.1.zip#md5=a4b36d55e2671c6e821018a63d50b8b1 (from https://pypi.python.org/simple/ipython/), version: 1.2.1
    Found link https://pypi.python.org/packages/source/i/ipython/ipython-2.0.0.tar.gz#md5=dd209ff8c7b08565478e4fc04bdf33ee (from https://pypi.python.org/simple/ipython/), version: 2.0.0
    Found link https://pypi.python.org/packages/source/i/ipython/ipython-2.0.0.zip#md5=c1e032071d266237c31a5c2758e81f3f (from https://pypi.python.org/simple/ipython/), version: 2.0.0
    Found link https://pypi.python.org/packages/source/i/ipython/ipython-2.1.0.tar.gz#md5=785c7b6364c6a0dd34aa4ea970cf83b9 (from https://pypi.python.org/simple/ipython/), version: 2.1.0
    Found link https://pypi.python.org/packages/source/i/ipython/ipython-2.1.0.zip#md5=2e5381a6f754339cd7dd30b61a172fc5 (from https://pypi.python.org/simple/ipython/), version: 2.1.0
    Found link https://pypi.python.org/packages/source/i/ipython/ipython-2.2.0.tar.gz#md5=b91d3724f655a8e16d022772f696cfd5 (from https://pypi.python.org/simple/ipython/), version: 2.2.0
    Found link https://pypi.python.org/packages/source/i/ipython/ipython-2.2.0.zip#md5=0fe93ebfb0c352110d5efb57ca60867b (from https://pypi.python.org/simple/ipython/), version: 2.2.0
    Found link https://pypi.python.org/packages/source/i/ipython/ipython-2.3.0.tar.gz#md5=222eecd3a8299c0119c56954c79e4d0f (from https://pypi.python.org/simple/ipython/), version: 2.3.0
    Found link https://pypi.python.org/packages/source/i/ipython/ipython-2.3.0.zip#md5=7930f128d50b6610bc780f00dbfadf90 (from https://pypi.python.org/simple/ipython/), version: 2.3.0
    Found link https://pypi.python.org/packages/source/i/ipython/ipython-2.3.1.tar.gz#md5=2b7085525dac11190bfb45bb8ec8dcbf (from https://pypi.python.org/simple/ipython/), version: 2.3.1
    Found link https://pypi.python.org/packages/source/i/ipython/ipython-2.3.1.zip#md5=0affd51ad4a620fe304018094def85cc (from https://pypi.python.org/simple/ipython/), version: 2.3.1
    Found link https://pypi.python.org/packages/source/i/ipython/ipython-2.4.0.tar.gz#md5=c386d654d1291e8afaf3643720044893 (from https://pypi.python.org/simple/ipython/), version: 2.4.0
    Found link https://pypi.python.org/packages/source/i/ipython/ipython-2.4.0.zip#md5=23f454140e42269eb1e419bf26221453 (from https://pypi.python.org/simple/ipython/), version: 2.4.0
    Found link https://pypi.python.org/packages/source/i/ipython/ipython-2.4.1.tar.gz#md5=70149981d6515d77ecb3d7507de2d7d9 (from https://pypi.python.org/simple/ipython/), version: 2.4.1
    Found link https://pypi.python.org/packages/source/i/ipython/ipython-2.4.1.zip#md5=ec85134374d063488e7ebe46da270571 (from https://pypi.python.org/simple/ipython/), version: 2.4.1
    Found link https://pypi.python.org/packages/source/i/ipython/ipython-3.0.0.tar.gz#md5=b3f00f3c0be036fafef3b0b9d663f27e (from https://pypi.python.org/simple/ipython/), version: 3.0.0
    Found link https://pypi.python.org/packages/source/i/ipython/ipython-3.0.0.zip#md5=0e60b2dc9958ba4a35aef1101e5eebd6 (from https://pypi.python.org/simple/ipython/), version: 3.0.0
    Found link https://pypi.python.org/packages/source/i/ipython/ipython-3.1.0.tar.gz#md5=a749d90c16068687b0ec45a27e72ef8f (from https://pypi.python.org/simple/ipython/), version: 3.1.0
    Found link https://pypi.python.org/packages/source/i/ipython/ipython-3.1.0.zip#md5=dfa0766ee4b035f6048740e8fcc9b8bb (from https://pypi.python.org/simple/ipython/), version: 3.1.0
    Skipping link https://github.com/ipython/ipython/releases/download/rel-1.0.0/ipython-1.0.0.py2-win-amd64.msi#md5=a08a8f139829f0b38d29e96660c66059 (from https://pypi.python.org/simple/ipython/); unknown archive format: .msi
    Skipping link https://github.com/ipython/ipython/releases/download/rel-1.0.0/ipython-1.0.0.py2-win32.msi#md5=503ce12847e831718d4e6d1169115c4a (from https://pypi.python.org/simple/ipython/); unknown archive format: .msi
    Skipping https://github.com/ipython/ipython/releases/download/rel-1.0.0/ipython-1.0.0.tar.gz#md5=2268fa83f257d14943eb04e3333a6fac (from https://pypi.python.org/simple/ipython/) because it is externally hosted.
    Skipping https://github.com/ipython/ipython/releases/download/rel-1.0.0/ipython-1.0.0.zip#md5=931bb0cd54d83316f8e9640292496c22 (from https://pypi.python.org/simple/ipython/) because it is externally hosted.
  Using version 3.1.0 (newest of versions: 3.1.0, 3.1.0, 3.1.0, 3.0.0, 3.0.0, 3.0.0, 2.4.1, 2.4.1, 2.4.1, 2.4.0, 2.4.0, 2.4.0, 2.3.1, 2.3.1, 2.3.1, 2.3.0, 2.3.0, 2.3.0, 2.2.0, 2.2.0, 2.2.0, 2.1.0, 2.1.0, 2.1.0, 2.0.0, 2.0.0, 2.0.0, 1.2.1, 1.2.1, 1.2.0, 1.2.0, 1.1.0, 1.1.0, 1.0.0, 1.0.0, 0.13.2, 0.13.2, 0.13.1, 0.13.1, 0.13, 0.13, 0.12.1, 0.12.1, 0.12, 0.12, 0.11, 0.11, 0.10.2, 0.10.2, 0.10.1, 0.10.1, 0.10)
  Downloading from URL https://pypi.python.org/packages/2.7/i/ipython/ipython-3.1.0-py2-none-any.whl#md5=c9fb71b20ca7223649a57a4b965588a5 (from https://pypi.python.org/simple/ipython/)
Installing collected packages: ipdb, ipython
  Running setup.py install for ipdb
    Running command /usr/bin/python -c "import setuptools, tokenize;__file__='/tmp/pip_build_vagrant/ipdb/setup.py';exec(compile(getattr(tokenize, 'open', open)(__file__).read().replace('\r\n', '\n'), __file__, 'exec'))" install --record /tmp/pip-EyFDcr-record/install-record.txt --single-version-externally-managed --compile
    running install
    running build
    running build_py
    creating build
    creating build/lib.linux-x86_64-2.7
    creating build/lib.linux-x86_64-2.7/ipdb
    copying ipdb/__init__.py -> build/lib.linux-x86_64-2.7/ipdb
    copying ipdb/__main__.py -> build/lib.linux-x86_64-2.7/ipdb
    running egg_info
    writing requirements to ipdb.egg-info/requires.txt
    writing ipdb.egg-info/PKG-INFO
    writing top-level names to ipdb.egg-info/top_level.txt
    writing dependency_links to ipdb.egg-info/dependency_links.txt
    writing entry points to ipdb.egg-info/entry_points.txt
    warning: manifest_maker: standard file '-c' not found
    
    reading manifest file 'ipdb.egg-info/SOURCES.txt'
    reading manifest template 'MANIFEST.in'
    writing manifest file 'ipdb.egg-info/SOURCES.txt'
    running install_lib
    creating /usr/local/lib/python2.7/dist-packages/ipdb
    error: could not create '/usr/local/lib/python2.7/dist-packages/ipdb': Permission denied
    Complete output from command /usr/bin/python -c "import setuptools, tokenize;__file__='/tmp/pip_build_vagrant/ipdb/setup.py';exec(compile(getattr(tokenize, 'open', open)(__file__).read().replace('\r\n', '\n'), __file__, 'exec'))" install --record /tmp/pip-EyFDcr-record/install-record.txt --single-version-externally-managed --compile:
    running install

running build

running build_py

creating build

creating build/lib.linux-x86_64-2.7

creating build/lib.linux-x86_64-2.7/ipdb

copying ipdb/__init__.py -> build/lib.linux-x86_64-2.7/ipdb

copying ipdb/__main__.py -> build/lib.linux-x86_64-2.7/ipdb

running egg_info

writing requirements to ipdb.egg-info/requires.txt

writing ipdb.egg-info/PKG-INFO

writing top-level names to ipdb.egg-info/top_level.txt

writing dependency_links to ipdb.egg-info/dependency_links.txt

writing entry points to ipdb.egg-info/entry_points.txt

warning: manifest_maker: standard file '-c' not found



reading manifest file 'ipdb.egg-info/SOURCES.txt'

reading manifest template 'MANIFEST.in'

writing manifest file 'ipdb.egg-info/SOURCES.txt'

running install_lib

creating /usr/local/lib/python2.7/dist-packages/ipdb

error: could not create '/usr/local/lib/python2.7/dist-packages/ipdb': Permission denied

----------------------------------------
Cleaning up...
  Removing temporary dir /tmp/pip_build_vagrant...
Command /usr/bin/python -c "import setuptools, tokenize;__file__='/tmp/pip_build_vagrant/ipdb/setup.py';exec(compile(getattr(tokenize, 'open', open)(__file__).read().replace('\r\n', '\n'), __file__, 'exec'))" install --record /tmp/pip-EyFDcr-record/install-record.txt --single-version-externally-managed --compile failed with error code 1 in /tmp/pip_build_vagrant/ipdb
Exception information:
Traceback (most recent call last):
  File "/usr/lib/python2.7/dist-packages/pip/basecommand.py", line 122, in main
    status = self.run(options, args)
  File "/usr/lib/python2.7/dist-packages/pip/commands/install.py", line 283, in run
    requirement_set.install(install_options, global_options, root=options.root_path)
  File "/usr/lib/python2.7/dist-packages/pip/req.py", line 1435, in install
    requirement.install(install_options, global_options, *args, **kwargs)
  File "/usr/lib/python2.7/dist-packages/pip/req.py", line 706, in install
    cwd=self.source_dir, filter_stdout=self._filter_install, show_stdout=False)
  File "/usr/lib/python2.7/dist-packages/pip/util.py", line 697, in call_subprocess
    % (command_desc, proc.returncode, cwd))
InstallationError: Command /usr/bin/python -c "import setuptools, tokenize;__file__='/tmp/pip_build_vagrant/ipdb/setup.py';exec(compile(getattr(tokenize, 'open', open)(__file__).read().replace('\r\n', '\n'), __file__, 'exec'))" install --record /tmp/pip-EyFDcr-record/install-record.txt --single-version-externally-managed --compile failed with error code 1 in /tmp/pip_build_vagrant/ipdb
